2024-05-26 11:11:27,122 INFO  [Utils] [TestNG] Running:
  C:\Users\senth\AppData\Local\JetBrains\IdeaIC2024.1\temp-testng-customsuite.xml
 
2024-05-26 11:11:28,045 INFO  [Log] **************************************************************************************** 
2024-05-26 11:11:28,045 INFO  [Log] **************************************************************************************** 
2024-05-26 11:11:28,045 INFO  [Log] $$$$$$$$$$$$$$$$$$$$$                 Test Started       $$$$$$$$$$$$$$$$$$$$$$$$$ 
2024-05-26 11:11:28,046 INFO  [Log] **************************************************************************************** 
2024-05-26 11:11:28,046 INFO  [Log] **************************************************************************************** 
2024-05-26 11:11:28,046 INFO  [Log] Test Name:Buying a Product in Ecommerce application 
2024-05-26 11:11:28,046 INFO  [Log] Feature Name:Ecommerce 
2024-05-26 11:11:29,269 INFO  [WebDriverManager] Using chromedriver 125.0.6422.78 (resolved driver for Chrome 125) 
2024-05-26 11:11:29,306 INFO  [WebDriverManager] Exporting webdriver.chrome.driver as C:\Users\senth\.cache\selenium\chromedriver\win64\125.0.6422.78\chromedriver.exe 
2024-05-26 11:11:35,938 INFO  [Ecommerce] standard_user 
2024-05-26 11:11:41,085 INFO  [Ecommerce] secret_sauce 
2024-05-26 11:11:41,234 INFO  [Ecommerce] SuccessFully Logged In 
2024-05-26 11:11:47,380 INFO  [Ecommerce] Product Name: Sauce Labs Backpack 1st Product Picked 
2024-05-26 11:11:55,543 INFO  [Ecommerce] Product Name: Sauce Labs Fleece Jacket 2nd Product Picked 
2024-05-26 11:11:58,684 INFO  [Ecommerce] Product Name: Test.allTheThings() T-Shirt (Red) 3rd Product Picked 
2024-05-26 11:12:20,598 INFO  [Ecommerce] Item total: $95.97 
2024-05-26 11:12:20,649 INFO  [Ecommerce] Tax: $7.68 
2024-05-26 11:12:20,681 INFO  [Ecommerce] Total: $103.65 
2024-05-26 11:12:24,792 INFO  [Ecommerce] Thank you for your order! 
2024-05-26 11:12:24,795 INFO  [screencapture] Test Success 
2024-05-26 11:12:24,795 INFO  [Log] ****************************************************************************************** 
2024-05-26 11:12:24,795 INFO  [Log] ****************************************************************************************** 
2024-05-26 11:12:24,795 INFO  [Log] XXXXXXXXXXXXXXXXXXXXXXX             -E---N---D-             XXXXXXXXXXXXXXXXXXXXXX 
2024-05-26 11:12:24,796 INFO  [Log] ****************************************************************************************** 
2024-05-26 11:12:24,796 INFO  [Log] ****************************************************************************************** 
2024-05-26 11:12:25,113 INFO  [Log] **************************************************************************************** 
2024-05-26 11:12:25,113 INFO  [Log] **************************************************************************************** 
2024-05-26 11:12:25,113 INFO  [Log] $$$$$$$$$$$$$$$$$$$$$                 Test Started       $$$$$$$$$$$$$$$$$$$$$$$$$ 
2024-05-26 11:12:25,114 INFO  [Log] **************************************************************************************** 
2024-05-26 11:12:25,114 INFO  [Log] **************************************************************************************** 
2024-05-26 11:12:25,114 INFO  [Log] Test Name:Booking a ticket in bus 
2024-05-26 11:12:25,114 INFO  [Log] Feature Name:TicketBooking 
2024-05-26 11:12:25,132 INFO  [WebDriverManager] Using chromedriver 125.0.6422.78 (resolved driver for Chrome 125) 
2024-05-26 11:12:25,148 INFO  [WebDriverManager] Exporting webdriver.chrome.driver as C:\Users\senth\.cache\selenium\chromedriver\win64\125.0.6422.78\chromedriver.exe 
2024-05-26 11:12:26,267 INFO  [Log] Bus Application 
2024-05-26 11:12:42,732 INFO  [Log] Data Filled 
2024-05-26 11:12:42,759 ERROR [TicketBooking] no such element: Unable to locate element: {"method":"css selector","selector":"#blasl\.ns\>"}
  (Session info: chrome=125.0.6422.77)
For documentation on this error, please visit: https://www.selenium.dev/documentation/webdriver/troubleshooting/errors#no-such-element-exception
Build info: version: '4.19.1', revision: 'abe0ee07dc'
System info: os.name: 'Windows 11', os.arch: 'amd64', os.version: '10.0', java.version: '17.0.10'
Driver info: org.openqa.selenium.chrome.ChromeDriver
Command: [f6dd5620c135cf8b3ef6d76709492063, findElement {value=blasl.ns>, using=id}]
Capabilities {acceptInsecureCerts: false, browserName: chrome, browserVersion: 125.0.6422.77, chrome: {chromedriverVersion: 125.0.6422.78 (14db42ec38ad..., userDataDir: C:\Users\senth\AppData\Loca...}, fedcm:accounts: true, goog:chromeOptions: {debuggerAddress: localhost:51820}, networkConnectionEnabled: false, pageLoadStrategy: normal, platformName: windows, proxy: Proxy(), se:cdp: ws://localhost:51820/devtoo..., se:cdpVersion: 125.0.6422.77, setWindowRect: true, strictFileInteractability: false, timeouts: {implicit: 0, pageLoad: 300000, script: 30000}, unhandledPromptBehavior: dismiss and notify, webauthn:extension:credBlob: true, webauthn:extension:largeBlob: true, webauthn:extension:minPinLength: true, webauthn:extension:prf: true, webauthn:virtualAuthenticators: true}
Session ID: f6dd5620c135cf8b3ef6d76709492063 
2024-05-26 11:12:43,103 INFO  [screencapture] Test Failed 
2024-05-26 11:12:43,103 INFO  [Log] ****************************************************************************************** 
2024-05-26 11:12:43,103 INFO  [Log] ****************************************************************************************** 
2024-05-26 11:12:43,103 INFO  [Log] XXXXXXXXXXXXXXXXXXXXXXX             -E---N---D-             XXXXXXXXXXXXXXXXXXXXXX 
2024-05-26 11:12:43,104 INFO  [Log] ****************************************************************************************** 
2024-05-26 11:12:43,104 INFO  [Log] ****************************************************************************************** 
2024-05-26 11:19:19,689 INFO  [Utils] [TestNG] Running:
  C:\TestNG_Framework\testNG.xml
 
2024-05-26 11:19:20,577 INFO  [Log] **************************************************************************************** 
2024-05-26 11:19:20,577 INFO  [Log] **************************************************************************************** 
2024-05-26 11:19:20,577 INFO  [Log] $$$$$$$$$$$$$$$$$$$$$                 Test Started       $$$$$$$$$$$$$$$$$$$$$$$$$ 
2024-05-26 11:19:20,577 INFO  [Log] **************************************************************************************** 
2024-05-26 11:19:20,577 INFO  [Log] **************************************************************************************** 
2024-05-26 11:19:20,577 INFO  [Log] Test Name:Buying a Product in Ecommerce application 
2024-05-26 11:19:20,578 INFO  [Log] Feature Name:Ecommerce 
2024-05-26 11:19:21,055 INFO  [WebDriverManager] Using chromedriver 125.0.6422.78 (resolved driver for Chrome 125) 
2024-05-26 11:19:21,097 INFO  [WebDriverManager] Exporting webdriver.chrome.driver as C:\Users\senth\.cache\selenium\chromedriver\win64\125.0.6422.78\chromedriver.exe 
2024-05-26 11:19:27,140 INFO  [Ecommerce] standard_user 
2024-05-26 11:19:32,312 INFO  [Ecommerce] secret_sauce 
2024-05-26 11:19:32,497 INFO  [Ecommerce] SuccessFully Logged In 
2024-05-26 11:19:38,662 INFO  [Ecommerce] Product Name: Sauce Labs Backpack 1st Product Picked 
2024-05-26 11:19:46,811 INFO  [Ecommerce] Product Name: Sauce Labs Fleece Jacket 2nd Product Picked 
2024-05-26 11:19:49,920 INFO  [Ecommerce] Product Name: Test.allTheThings() T-Shirt (Red) 3rd Product Picked 
2024-05-26 11:20:11,834 INFO  [Ecommerce] Item total: $95.97 
2024-05-26 11:20:11,864 INFO  [Ecommerce] Tax: $7.68 
2024-05-26 11:20:11,891 INFO  [Ecommerce] Total: $103.65 
2024-05-26 11:20:16,030 INFO  [Ecommerce] Thank you for your order! 
2024-05-26 11:20:16,034 INFO  [screencapture] Test Success 
2024-05-26 11:20:16,034 INFO  [Log] ****************************************************************************************** 
2024-05-26 11:20:16,034 INFO  [Log] ****************************************************************************************** 
2024-05-26 11:20:16,034 INFO  [Log] XXXXXXXXXXXXXXXXXXXXXXX             -E---N---D-             XXXXXXXXXXXXXXXXXXXXXX 
2024-05-26 11:20:16,035 INFO  [Log] ****************************************************************************************** 
2024-05-26 11:20:16,035 INFO  [Log] ****************************************************************************************** 
2024-05-26 11:20:16,377 INFO  [Log] **************************************************************************************** 
2024-05-26 11:20:16,377 INFO  [Log] **************************************************************************************** 
2024-05-26 11:20:16,377 INFO  [Log] $$$$$$$$$$$$$$$$$$$$$                 Test Started       $$$$$$$$$$$$$$$$$$$$$$$$$ 
2024-05-26 11:20:16,377 INFO  [Log] **************************************************************************************** 
2024-05-26 11:20:16,377 INFO  [Log] **************************************************************************************** 
2024-05-26 11:20:16,377 INFO  [Log] Test Name:Booking a ticket in bus 
2024-05-26 11:20:16,377 INFO  [Log] Feature Name:TicketBooking 
2024-05-26 11:20:16,396 INFO  [WebDriverManager] Using chromedriver 125.0.6422.78 (resolved driver for Chrome 125) 
2024-05-26 11:20:16,409 INFO  [WebDriverManager] Exporting webdriver.chrome.driver as C:\Users\senth\.cache\selenium\chromedriver\win64\125.0.6422.78\chromedriver.exe 
2024-05-26 11:20:17,410 INFO  [Log] Bus Application 
2024-05-26 11:20:33,790 INFO  [Log] Data Filled 
2024-05-26 11:20:33,817 ERROR [TicketBooking] no such element: Unable to locate element: {"method":"css selector","selector":"#blasl\.ns\>"}
  (Session info: chrome=125.0.6422.77)
For documentation on this error, please visit: https://www.selenium.dev/documentation/webdriver/troubleshooting/errors#no-such-element-exception
Build info: version: '4.19.1', revision: 'abe0ee07dc'
System info: os.name: 'Windows 11', os.arch: 'amd64', os.version: '10.0', java.version: '17.0.10'
Driver info: org.openqa.selenium.chrome.ChromeDriver
Command: [ac9b08b63e3750adb0a8ac74611154d3, findElement {using=id, value=blasl.ns>}]
Capabilities {acceptInsecureCerts: false, browserName: chrome, browserVersion: 125.0.6422.77, chrome: {chromedriverVersion: 125.0.6422.78 (14db42ec38ad..., userDataDir: C:\Users\senth\AppData\Loca...}, fedcm:accounts: true, goog:chromeOptions: {debuggerAddress: localhost:52249}, networkConnectionEnabled: false, pageLoadStrategy: normal, platformName: windows, proxy: Proxy(), se:cdp: ws://localhost:52249/devtoo..., se:cdpVersion: 125.0.6422.77, setWindowRect: true, strictFileInteractability: false, timeouts: {implicit: 0, pageLoad: 300000, script: 30000}, unhandledPromptBehavior: dismiss and notify, webauthn:extension:credBlob: true, webauthn:extension:largeBlob: true, webauthn:extension:minPinLength: true, webauthn:extension:prf: true, webauthn:virtualAuthenticators: true}
Session ID: ac9b08b63e3750adb0a8ac74611154d3 
2024-05-26 11:20:34,219 INFO  [screencapture] Test Failed 
2024-05-26 11:20:34,220 INFO  [Log] ****************************************************************************************** 
2024-05-26 11:20:34,220 INFO  [Log] ****************************************************************************************** 
2024-05-26 11:20:34,220 INFO  [Log] XXXXXXXXXXXXXXXXXXXXXXX             -E---N---D-             XXXXXXXXXXXXXXXXXXXXXX 
2024-05-26 11:20:34,220 INFO  [Log] ****************************************************************************************** 
2024-05-26 11:20:34,220 INFO  [Log] ****************************************************************************************** 
2024-05-26 11:23:15,315 INFO  [Log] **************************************************************************************** 
2024-05-26 11:23:15,315 INFO  [Log] **************************************************************************************** 
2024-05-26 11:23:15,315 INFO  [Log] $$$$$$$$$$$$$$$$$$$$$                 Test Started       $$$$$$$$$$$$$$$$$$$$$$$$$ 
2024-05-26 11:23:15,315 INFO  [Log] **************************************************************************************** 
2024-05-26 11:23:15,315 INFO  [Log] **************************************************************************************** 
2024-05-26 11:23:15,315 INFO  [Log] Test Name:Buying a Product in Ecommerce application 
2024-05-26 11:23:15,315 INFO  [Log] Feature Name:Ecommerce 
2024-05-26 11:23:15,858 INFO  [WebDriverManager] Using chromedriver 125.0.6422.78 (resolved driver for Chrome 125) 
2024-05-26 11:23:15,887 INFO  [WebDriverManager] Exporting webdriver.chrome.driver as C:\Users\senth\.cache\selenium\chromedriver\win64\125.0.6422.78\chromedriver.exe 
2024-05-26 11:23:22,301 INFO  [Ecommerce] standard_user 
2024-05-26 11:23:27,442 INFO  [Ecommerce] secret_sauce 
2024-05-26 11:23:27,607 INFO  [Ecommerce] SuccessFully Logged In 
2024-05-26 11:23:33,764 INFO  [Ecommerce] Product Name: Sauce Labs Backpack 1st Product Picked 
2024-05-26 11:23:41,929 INFO  [Ecommerce] Product Name: Sauce Labs Fleece Jacket 2nd Product Picked 
2024-05-26 11:23:45,052 INFO  [Ecommerce] Product Name: Test.allTheThings() T-Shirt (Red) 3rd Product Picked 
2024-05-26 11:24:06,988 INFO  [Ecommerce] Item total: $95.97 
2024-05-26 11:24:07,031 INFO  [Ecommerce] Tax: $7.68 
2024-05-26 11:24:07,067 INFO  [Ecommerce] Total: $103.65 
2024-05-26 11:24:11,193 INFO  [Ecommerce] Thank you for your order! 
2024-05-26 11:24:11,197 INFO  [screencapture] Test Success 
2024-05-26 11:24:11,197 INFO  [Log] ****************************************************************************************** 
2024-05-26 11:24:11,197 INFO  [Log] ****************************************************************************************** 
2024-05-26 11:24:11,197 INFO  [Log] XXXXXXXXXXXXXXXXXXXXXXX             -E---N---D-             XXXXXXXXXXXXXXXXXXXXXX 
2024-05-26 11:24:11,197 INFO  [Log] ****************************************************************************************** 
2024-05-26 11:24:11,197 INFO  [Log] ****************************************************************************************** 
2024-05-26 11:24:11,516 INFO  [Log] **************************************************************************************** 
2024-05-26 11:24:11,517 INFO  [Log] **************************************************************************************** 
2024-05-26 11:24:11,517 INFO  [Log] $$$$$$$$$$$$$$$$$$$$$                 Test Started       $$$$$$$$$$$$$$$$$$$$$$$$$ 
2024-05-26 11:24:11,517 INFO  [Log] **************************************************************************************** 
2024-05-26 11:24:11,517 INFO  [Log] **************************************************************************************** 
2024-05-26 11:24:11,517 INFO  [Log] Test Name:Booking a ticket in bus 
2024-05-26 11:24:11,517 INFO  [Log] Feature Name:TicketBooking 
2024-05-26 11:24:11,538 INFO  [WebDriverManager] Using chromedriver 125.0.6422.78 (resolved driver for Chrome 125) 
2024-05-26 11:24:11,558 INFO  [WebDriverManager] Exporting webdriver.chrome.driver as C:\Users\senth\.cache\selenium\chromedriver\win64\125.0.6422.78\chromedriver.exe 
2024-05-26 11:24:12,585 INFO  [Log] Bus Application 
2024-05-26 11:24:29,061 INFO  [Log] Data Filled 
2024-05-26 11:24:29,088 ERROR [TicketBooking] no such element: Unable to locate element: {"method":"css selector","selector":"#blasl\.ns\>"}
  (Session info: chrome=125.0.6422.77)
For documentation on this error, please visit: https://www.selenium.dev/documentation/webdriver/troubleshooting/errors#no-such-element-exception
Build info: version: '4.19.1', revision: 'abe0ee07dc'
System info: os.name: 'Windows 11', os.arch: 'amd64', os.version: '10.0', java.version: '17.0.10'
Driver info: org.openqa.selenium.chrome.ChromeDriver
Command: [f7d896a87673456c4156e6ed9bffdc57, findElement {value=blasl.ns>, using=id}]
Capabilities {acceptInsecureCerts: false, browserName: chrome, browserVersion: 125.0.6422.77, chrome: {chromedriverVersion: 125.0.6422.78 (14db42ec38ad..., userDataDir: C:\Users\senth\AppData\Loca...}, fedcm:accounts: true, goog:chromeOptions: {debuggerAddress: localhost:52409}, networkConnectionEnabled: false, pageLoadStrategy: normal, platformName: windows, proxy: Proxy(), se:cdp: ws://localhost:52409/devtoo..., se:cdpVersion: 125.0.6422.77, setWindowRect: true, strictFileInteractability: false, timeouts: {implicit: 0, pageLoad: 300000, script: 30000}, unhandledPromptBehavior: dismiss and notify, webauthn:extension:credBlob: true, webauthn:extension:largeBlob: true, webauthn:extension:minPinLength: true, webauthn:extension:prf: true, webauthn:virtualAuthenticators: true}
Session ID: f7d896a87673456c4156e6ed9bffdc57 
2024-05-26 11:24:29,480 INFO  [screencapture] Test Failed 
2024-05-26 11:24:29,481 INFO  [Log] ****************************************************************************************** 
2024-05-26 11:24:29,481 INFO  [Log] ****************************************************************************************** 
2024-05-26 11:24:29,481 INFO  [Log] XXXXXXXXXXXXXXXXXXXXXXX             -E---N---D-             XXXXXXXXXXXXXXXXXXXXXX 
2024-05-26 11:24:29,481 INFO  [Log] ****************************************************************************************** 
2024-05-26 11:24:29,481 INFO  [Log] ****************************************************************************************** 
